<?xml version="1.0" encoding="UTF-8"?>
<coverage generated="1759819909879" clover="3.2.0">
  <project timestamp="1759819909879" name="All files">
    <metrics statements="1" coveredstatements="0" conditionals="1" coveredconditionals="1" methods="1" coveredmethods="1" elements="3" coveredelements="2" complexity="0" loc="1" ncloc="1" packages="1" files="1" classes="1"/>
    <file name="index.ts" path="/home/runner/work/Lokaltreu/Lokaltreu/apps/api/src/index.ts">
      <metrics statements="1" coveredstatements="0" conditionals="1" coveredconditionals="1" methods="1" coveredmethods="1"/>
      <line num="3" count="0" type="stmt"/>
    </file>
  </project>
</coverage>
