{"/home/runner/work/Lokaltreu/Lokaltreu/apps/api/src/index.ts": {"path":"/home/runner/work/Lokaltreu/Lokaltreu/apps/api/src/index.ts","all":true,"statementMap":{"2":{"start":{"line":3,"column":0},"end":{"line":3,"column":40}}},"s":{"2":0},"branchMap":{"0":{"type":"branch","line":1,"loc":{"start":{"line":1,"column":139},"end":{"line":3,"column":40}},"locations":[{"start":{"line":1,"column":139},"end":{"line":3,"column":40}}]}},"b":{"0":[1]},"fnMap":{"0":{"name":"(empty-report)","decl":{"start":{"line":1,"column":139},"end":{"line":3,"column":40}},"loc":{"start":{"line":1,"column":139},"end":{"line":3,"column":40}},"line":1}},"f":{"0":1}}
}
