<?xml version="1.0" encoding="UTF-8"?>
<coverage generated="1759739655560" clover="3.2.0">
  <project timestamp="1759739655561" name="All files">
    <metrics statements="6" coveredstatements="0" conditionals="2" coveredconditionals="0" methods="2" coveredmethods="0" elements="10" coveredelements="0" complexity="0" loc="6" ncloc="6" packages="1" files="2" classes="2"/>
    <file name="index.js" path="C:\Users\user\Projects\lokaltreu\apps\api\src\index.js">
      <metrics statements="3" coveredstatements="0" conditionals="1" coveredconditionals="0" methods="1" coveredmethods="0"/>
      <line num="1" count="0" type="cond" truecount="0" falsecount="1"/>
      <line num="2" count="0" type="stmt"/>
      <line num="3" count="0" type="stmt"/>
    </file>
    <file name="index.ts" path="C:\Users\user\Projects\lokaltreu\apps\api\src\index.ts">
      <metrics statements="3" coveredstatements="0" conditionals="1" coveredconditionals="0" methods="1" coveredmethods="0"/>
      <line num="1" count="0" type="cond" truecount="0" falsecount="1"/>
      <line num="2" count="0" type="stmt"/>
      <line num="3" count="0" type="stmt"/>
    </file>
  </project>
</coverage>
