<?xml version="1.0" encoding="UTF-8"?>
<coverage generated="1762710550991" clover="3.2.0">
  <project timestamp="1762710550991" name="All files">
    <metrics statements="9" coveredstatements="8" conditionals="6" coveredconditionals="6" methods="3" coveredmethods="3" elements="18" coveredelements="17" complexity="0" loc="9" ncloc="9" packages="1" files="2" classes="2"/>
    <file name="health.ts" path="C:\Users\user\Projects\lokaltreu\apps\api\src\health.ts">
      <metrics statements="8" coveredstatements="8" conditionals="5" coveredconditionals="5" methods="2" coveredmethods="2"/>
      <line num="1" count="1" type="cond" truecount="1" falsecount="0"/>
      <line num="2" count="1" type="stmt"/>
      <line num="3" count="1" type="stmt"/>
      <line num="5" count="1" type="cond" truecount="1" falsecount="0"/>
      <line num="6" count="3" type="cond" truecount="2" falsecount="0"/>
      <line num="7" count="3" type="cond" truecount="1" falsecount="0"/>
      <line num="8" count="1" type="stmt"/>
      <line num="9" count="1" type="stmt"/>
    </file>
    <file name="index.ts" path="C:\Users\user\Projects\lokaltreu\apps\api\src\index.ts">
      <metrics statements="1" coveredstatements="0" conditionals="1" coveredconditionals="1" methods="1" coveredmethods="1"/>
      <line num="3" count="0" type="stmt"/>
    </file>
  </project>
</coverage>
