{"C:\\Users\\user\\Projects\\lokaltreu\\apps\\api\\src\\health.ts": {"path":"C:\\Users\\user\\Projects\\lokaltreu\\apps\\api\\src\\health.ts","all":false,"statementMap":{"0":{"start":{"line":1,"column":0},"end":{"line":1,"column":51}},"1":{"start":{"line":2,"column":0},"end":{"line":2,"column":15}},"2":{"start":{"line":3,"column":0},"end":{"line":3,"column":1}},"4":{"start":{"line":5,"column":0},"end":{"line":5,"column":70}},"5":{"start":{"line":6,"column":0},"end":{"line":6,"column":36}},"6":{"start":{"line":7,"column":0},"end":{"line":7,"column":33}},"7":{"start":{"line":8,"column":0},"end":{"line":8,"column":19}},"8":{"start":{"line":9,"column":0},"end":{"line":9,"column":1}}},"s":{"0":1,"1":1,"2":1,"4":1,"5":3,"6":3,"7":1,"8":1},"branchMap":{"0":{"type":"branch","line":1,"loc":{"start":{"line":1,"column":7},"end":{"line":3,"column":1}},"locations":[{"start":{"line":1,"column":7},"end":{"line":3,"column":1}}]},"1":{"type":"branch","line":5,"loc":{"start":{"line":5,"column":7},"end":{"line":9,"column":1}},"locations":[{"start":{"line":5,"column":7},"end":{"line":9,"column":1}}]},"2":{"type":"branch","line":6,"loc":{"start":{"line":6,"column":21},"end":{"line":6,"column":36}},"locations":[{"start":{"line":6,"column":21},"end":{"line":6,"column":36}}]},"3":{"type":"branch","line":6,"loc":{"start":{"line":6,"column":28},"end":{"line":7,"column":28}},"locations":[{"start":{"line":6,"column":28},"end":{"line":7,"column":28}}]},"4":{"type":"branch","line":7,"loc":{"start":{"line":7,"column":21},"end":{"line":9,"column":1}},"locations":[{"start":{"line":7,"column":21},"end":{"line":9,"column":1}}]}},"b":{"0":[1],"1":[3],"2":[1],"3":[2],"4":[1]},"fnMap":{"0":{"name":"add","decl":{"start":{"line":1,"column":7},"end":{"line":3,"column":1}},"loc":{"start":{"line":1,"column":7},"end":{"line":3,"column":1}},"line":1},"1":{"name":"classify","decl":{"start":{"line":5,"column":7},"end":{"line":9,"column":1}},"loc":{"start":{"line":5,"column":7},"end":{"line":9,"column":1}},"line":5}},"f":{"0":1,"1":3}}
,"C:\\Users\\user\\Projects\\lokaltreu\\apps\\api\\src\\index.ts": {"path":"C:\\Users\\user\\Projects\\lokaltreu\\apps\\api\\src\\index.ts","all":true,"statementMap":{"2":{"start":{"line":3,"column":0},"end":{"line":3,"column":40}}},"s":{"2":0},"branchMap":{"0":{"type":"branch","line":1,"loc":{"start":{"line":1,"column":139},"end":{"line":3,"column":40}},"locations":[{"start":{"line":1,"column":139},"end":{"line":3,"column":40}}]}},"b":{"0":[1]},"fnMap":{"0":{"name":"(empty-report)","decl":{"start":{"line":1,"column":139},"end":{"line":3,"column":40}},"loc":{"start":{"line":1,"column":139},"end":{"line":3,"column":40}},"line":1}},"f":{"0":1}}
}
