{"C:\\Users\\user\\Projects\\lokaltreu\\apps\\api\\src\\index.js": {"path":"C:\\Users\\user\\Projects\\lokaltreu\\apps\\api\\src\\index.js","all":true,"statementMap":{"0":{"start":{"line":1,"column":0},"end":{"line":1,"column":46}},"1":{"start":{"line":2,"column":0},"end":{"line":2,"column":50}},"2":{"start":{"line":3,"column":0},"end":{"line":3,"column":43}}},"s":{"0":0,"1":0,"2":0},"branchMap":{"0":{"type":"branch","line":1,"loc":{"start":{"line":1,"column":0},"end":{"line":3,"column":43}},"locations":[{"start":{"line":1,"column":0},"end":{"line":3,"column":43}}]}},"b":{"0":[0]},"fnMap":{"0":{"name":"(empty-report)","decl":{"start":{"line":1,"column":0},"end":{"line":3,"column":43}},"loc":{"start":{"line":1,"column":0},"end":{"line":3,"column":43}},"line":1}},"f":{"0":0}}
,"C:\\Users\\user\\Projects\\lokaltreu\\apps\\api\\src\\index.ts": {"path":"C:\\Users\\user\\Projects\\lokaltreu\\apps\\api\\src\\index.ts","all":true,"statementMap":{"0":{"start":{"line":1,"column":0},"end":{"line":1,"column":47}},"1":{"start":{"line":2,"column":0},"end":{"line":2,"column":50}},"2":{"start":{"line":3,"column":0},"end":{"line":3,"column":40}}},"s":{"0":0,"1":0,"2":0},"branchMap":{"0":{"type":"branch","line":1,"loc":{"start":{"line":1,"column":0},"end":{"line":3,"column":40}},"locations":[{"start":{"line":1,"column":0},"end":{"line":3,"column":40}}]}},"b":{"0":[0]},"fnMap":{"0":{"name":"(empty-report)","decl":{"start":{"line":1,"column":0},"end":{"line":3,"column":40}},"loc":{"start":{"line":1,"column":0},"end":{"line":3,"column":40}},"line":1}},"f":{"0":0}}
}
